\BOOKMARK [0][]{chapter.1}{Introduction To Organisation}{}% 1
\BOOKMARK [1][]{section.1.1}{Testing and Consutancy Cell}{chapter.1}% 2
\BOOKMARK [0][]{chapter.2}{Introduction To Project}{}% 3
\BOOKMARK [1][]{section.2.1}{Introduction}{chapter.2}% 4
\BOOKMARK [1][]{section.2.2}{Introduction to CAD}{chapter.2}% 5
\BOOKMARK [2][]{subsection.2.2.1}{Introduction to LibreCAD}{section.2.2}% 6
\BOOKMARK [3][]{subsubsection.2.2.1.1}{LibreCAD's features:}{subsection.2.2.1}% 7
\BOOKMARK [3][]{subsubsection.2.2.1.2}{How it started?}{subsection.2.2.1}% 8
\BOOKMARK [3][]{subsubsection.2.2.1.3}{Downloading Source Code}{subsection.2.2.1}% 9
\BOOKMARK [2][]{subsection.2.2.2}{Introduction to eCAD}{section.2.2}% 10
\BOOKMARK [3][]{subsubsection.2.2.2.1}{Installation of eCAD}{subsection.2.2.2}% 11
\BOOKMARK [3][]{subsubsection.2.2.2.2}{Features of eCAD}{subsection.2.2.2}% 12
\BOOKMARK [0][]{chapter.3}{Project Work}{}% 13
\BOOKMARK [1][]{section.3.1}{Text Editor using Qt}{chapter.3}% 14
\BOOKMARK [2][]{subsection.3.1.1}{Installation Guide}{section.3.1}% 15
\BOOKMARK [1][]{section.3.2}{Adding Features to LibreCAD v3}{chapter.3}% 16
\BOOKMARK [2][]{subsubsection.3.2.0.1}{Open}{section.3.2}% 17
\BOOKMARK [3][]{subsubsection.3.2.0.2}{Save As}{subsubsection.3.2.0.1}% 18
\BOOKMARK [3][]{subsubsection.3.2.0.3}{Save}{subsubsection.3.2.0.1}% 19
\BOOKMARK [1][]{section.3.3}{Design implementation using Lua scripting language}{chapter.3}% 20
\BOOKMARK [1][]{section.3.4}{eCAD GUI}{chapter.3}% 21
\BOOKMARK [0][]{chapter.4}{Technologies Used}{}% 22
\BOOKMARK [1][]{section.4.1}{Introduction to Qt}{chapter.4}% 23
\BOOKMARK [1][]{section.4.2}{Working with Qt Creator}{chapter.4}% 24
\BOOKMARK [2][]{subsection.4.2.1}{Creating Projects}{section.4.2}% 25
\BOOKMARK [2][]{subsection.4.2.2}{Using Qt Quick Toolbars}{section.4.2}% 26
\BOOKMARK [2][]{subsection.4.2.3}{Deploying Applications to Mobile Devices}{section.4.2}% 27
\BOOKMARK [2][]{subsection.4.2.4}{Getting Help}{section.4.2}% 28
\BOOKMARK [2][]{subsection.4.2.5}{Features and Benefits}{section.4.2}% 29
\BOOKMARK [1][]{section.4.3}{Introduction to LaTeX}{chapter.4}% 30
\BOOKMARK [2][]{subsection.4.3.1}{Typesetting}{section.4.3}% 31
\BOOKMARK [2][]{subsection.4.3.2}{Installing LaTeX on System}{section.4.3}% 32
\BOOKMARK [2][]{subsection.4.3.3}{Graphical Editors for LaTeX}{section.4.3}% 33
\BOOKMARK [2][]{subsection.4.3.4}{Pdfscreen LaTeX}{section.4.3}% 34
\BOOKMARK [2][]{subsection.4.3.5}{Web based graphic generation using LaTeX}{section.4.3}% 35
\BOOKMARK [1][]{section.4.4}{Introduction to Lua}{chapter.4}% 36
\BOOKMARK [2][]{subsection.4.4.1}{Installation of Lua}{section.4.4}% 37
\BOOKMARK [2][]{subsection.4.4.2}{Why choose Lua?}{section.4.4}% 38
\BOOKMARK [1][]{section.4.5}{Minion - A Constraint Solver}{chapter.4}% 39
\BOOKMARK [1][]{section.4.6}{Introduction to Github}{chapter.4}% 40
\BOOKMARK [2][]{subsection.4.6.1}{What is Git?}{section.4.6}% 41
\BOOKMARK [2][]{subsection.4.6.2}{Installation of Git}{section.4.6}% 42
\BOOKMARK [2][]{subsection.4.6.3}{Various Git Commands}{section.4.6}% 43
\BOOKMARK [3][]{subsubsection.4.6.3.1}{Create Repositories}{subsection.4.6.3}% 44
\BOOKMARK [3][]{subsubsection.4.6.3.2}{Make Changes}{subsection.4.6.3}% 45
\BOOKMARK [3][]{subsubsection.4.6.3.3}{Group Changes}{subsection.4.6.3}% 46
\BOOKMARK [3][]{subsubsection.4.6.3.4}{Save Fragments}{subsection.4.6.3}% 47
\BOOKMARK [3][]{subsubsection.4.6.3.5}{Synchronize Changes}{subsection.4.6.3}% 48
\BOOKMARK [1][]{section.4.7}{Introduction to Doxygen}{chapter.4}% 49
\BOOKMARK [2][]{subsection.4.7.1}{Features of Doxygen}{section.4.7}% 50
\BOOKMARK [2][]{subsection.4.7.2}{Installation of Doxygen}{section.4.7}% 51
\BOOKMARK [3][]{subsubsection.4.7.2.1}{Usage}{subsection.4.7.2}% 52
\BOOKMARK [0][]{chapter.5}{Project Legacy}{}% 53
\BOOKMARK [1][]{section.5.1}{Technical and Managerial Lesson Learnt}{chapter.5}% 54
\BOOKMARK [2][]{subsection.5.1.1}{Ubuntu: An open source OS}{section.5.1}% 55
\BOOKMARK [2][]{subsection.5.1.2}{Internet Relay Chat}{section.5.1}% 56
\BOOKMARK [1][]{section.5.2}{Future Scope}{chapter.5}% 57
\BOOKMARK [1][]{section.5.2}{Bibliography}{chapter.5}% 58
